<?xml version="1.0" encoding="UTF-8"?>
<!-- Generated by org.testng.reporters.JUnitReportReporter -->
<testsuite hostname="DESKTOP-3AAGA7O" failures="0" tests="1" name="com.Selenium.Automationjava.AppTest" time="0.008" errors="0" timestamp="2022-03-03T09:43:10 ART" skipped="0">
  <testcase classname="com.Selenium.Automationjava.AppTest" name="shouldAnswerWithTrue" time="0.008"/>
  <system-out/>
</testsuite> <!-- com.Selenium.Automationjava.AppTest -->
