<?xml version="1.0" encoding="UTF-8"?>
<!-- Generated by org.testng.reporters.JUnitReportReporter -->
<testsuite hostname="DESKTOP-3AAGA7O" failures="0" tests="1" name="DespegarTestTest" time="41.702" errors="0" timestamp="2022-02-25T11:09:24 ART" skipped="0">
  <testcase classname="DespegarTestTest" name="ValidarViajeDespegar" time="41.702"/>
  <system-out/>
</testsuite> <!-- DespegarTestTest -->
