<?xml version="1.0" encoding="UTF-8"?>
<!-- Generated by org.testng.reporters.JUnitReportReporter -->
<testsuite hostname="DESKTOP-3AAGA7O" failures="0" tests="3" name="WikiTest2" time="40.463" errors="0" timestamp="2022-02-28T10:58:32 ART" skipped="0">
  <testcase classname="WikiTest2" name="ValidarBusquedaWikipedia" time="16.435"/>
  <system-out/>
  <testcase classname="WikiTest2" name="ValidarBusquedaWikipedia" time="12.610"/>
  <system-out/>
  <testcase classname="WikiTest2" name="ValidarBusquedaWikipedia" time="11.418"/>
  <system-out/>
</testsuite> <!-- WikiTest2 -->
