<?xml version="1.0" encoding="UTF-8"?>
<!-- Generated by org.testng.reporters.JUnitReportReporter -->
<testsuite hostname="DESKTOP-3AAGA7O" failures="0" tests="1" name="DespegarDriverFactory" time="101.314" errors="0" timestamp="2022-03-10T09:08:44 ART" skipped="0">
  <testcase classname="DespegarDriverFactory" name="ValidarViajeDespegar" time="101.314"/>
  <system-out>
    <![CDATA[Abro Browser]]>
  </system-out>
</testsuite> <!-- DespegarDriverFactory -->
