<?xml version="1.0" encoding="UTF-8"?>
<!-- Generated by org.testng.reporters.JUnitReportReporter -->
<testsuite hostname="DESKTOP-3AAGA7O" failures="0" tests="3" name="DespegarTest3" time="108.903" errors="0" timestamp="2022-02-28T17:52:49 ART" skipped="0">
  <testcase classname="DespegarTest3" name="ValidarViajesDespegar" time="38.876"/>
  <system-out/>
  <testcase classname="DespegarTest3" name="ValidarViajesDespegar" time="35.516"/>
  <system-out/>
  <testcase classname="DespegarTest3" name="ValidarViajesDespegar" time="34.511"/>
  <system-out/>
</testsuite> <!-- DespegarTest3 -->
