<?xml version="1.0" encoding="UTF-8"?>
<!-- Generated by org.testng.reporters.JUnitReportReporter -->
<testsuite hostname="DESKTOP-3AAGA7O" failures="0" tests="3" name="DespegarTest3" time="159.854" errors="0" timestamp="2022-03-10T10:14:08 ART" skipped="0">
  <testcase classname="DespegarTest3" name="ValidarViajesDespegar" time="55.665"/>
  <system-out/>
  <testcase classname="DespegarTest3" name="ValidarViajesDespegar" time="54.748"/>
  <system-out/>
  <testcase classname="DespegarTest3" name="ValidarViajesDespegar" time="49.441"/>
  <system-out/>
</testsuite> <!-- DespegarTest3 -->
