<?xml version="1.0" encoding="UTF-8"?>
<!-- Generated by org.testng.reporters.JUnitReportReporter -->
<testsuite hostname="DESKTOP-3AAGA7O" failures="0" tests="1" name="Despegar2" time="12.479" errors="0" timestamp="2022-02-28T10:56:29 ART" skipped="0">
  <testcase classname="Despegar2" name="f" time="12.479"/>
  <system-out/>
</testsuite> <!-- Despegar2 -->
