<?xml version="1.0" encoding="UTF-8"?>
<!-- Generated by org.testng.reporters.JUnitReportReporter -->
<testsuite hostname="DESKTOP-3AAGA7O" failures="0" tests="1" name="Despegar2" time="58.719" errors="0" timestamp="2022-03-09T18:57:35 ART" skipped="0">
  <testcase classname="Despegar2" name="ValidarTextoBotonesLista" time="58.719"/>
  <system-out/>
</testsuite> <!-- Despegar2 -->
