<?xml version="1.0" encoding="UTF-8"?>
<!-- Generated by org.testng.reporters.JUnitReportReporter -->
<testsuite hostname="DESKTOP-3AAGA7O" failures="0" tests="1" name="DespegarTestTest" time="98.144" errors="0" timestamp="2022-03-09T15:21:34 ART" skipped="0">
  <testcase classname="DespegarTestTest" name="ValidarViajeDespegar" time="98.144"/>
  <system-out/>
</testsuite> <!-- DespegarTestTest -->
