<?xml version="1.0" encoding="UTF-8"?>
<!-- Generated by org.testng.reporters.JUnitReportReporter -->
<testsuite hostname="DESKTOP-3AAGA7O" failures="0" tests="1" name="WikiTest1" time="23.679" errors="0" timestamp="2022-02-25T11:02:40 ART" skipped="0">
  <testcase classname="WikiTest1" name="ValidarBusquedaWikipedia" time="23.679"/>
  <system-out/>
</testsuite> <!-- WikiTest1 -->
