<?xml version="1.0" encoding="UTF-8"?>
<!-- Generated by org.testng.reporters.JUnitReportReporter -->
<testsuite hostname="DESKTOP-3AAGA7O" failures="0" tests="1" name="WikiTest1" time="24.867" errors="0" timestamp="2022-03-09T18:58:27 ART" skipped="0">
  <testcase classname="WikiTest1" name="ValidarBusquedaWikipedia" time="24.867"/>
  <system-out/>
</testsuite> <!-- WikiTest1 -->
