<?xml version="1.0" encoding="UTF-8"?>
<!-- Generated by org.testng.reporters.JUnitReportReporter -->
<testsuite hostname="DESKTOP-3AAGA7O" failures="0" tests="3" name="WikiTest2" time="33.864" errors="0" timestamp="2022-03-08T09:51:33 ART" skipped="0">
  <testcase classname="WikiTest2" name="ValidarBusquedaWikipedia" time="10.813"/>
  <system-out/>
  <testcase classname="WikiTest2" name="ValidarBusquedaWikipedia" time="12.157"/>
  <system-out/>
  <testcase classname="WikiTest2" name="ValidarBusquedaWikipedia" time="10.894"/>
  <system-out/>
</testsuite> <!-- WikiTest2 -->
