<?xml version="1.0" encoding="UTF-8"?>
<!-- Generated by org.testng.reporters.JUnitReportReporter -->
<testsuite hostname="DESKTOP-3AAGA7O" failures="0" tests="1" name="WikiTest1" time="45.048" errors="0" timestamp="2022-03-09T19:21:37 ART" skipped="0">
  <testcase classname="WikiTest1" name="ValidarBusquedaWikipedia" time="45.048"/>
  <system-out/>
</testsuite> <!-- WikiTest1 -->
